<?xml version="1.0" encoding="UTF-8"?>
<testng-results ignored="0" total="1" passed="1" failed="0" skipped="0">
  <reporter-output>
    <line>
      <![CDATA[Execution of WebBrowser is Started!]]>
    </line>
    <line>
      <![CDATA[Test Cases is started Executing!]]>
    </line>
    <line>
      <![CDATA[Test Case is Passed!]]>
    </line>
  </reporter-output>
  <suite started-at="2024-08-21T12:09:56 IST" name="Default suite" finished-at="2024-08-21T12:10:19 IST" duration-ms="22894">
    <groups>
    </groups>
    <test started-at="2024-08-21T12:09:56 IST" name="Default test" finished-at="2024-08-21T12:10:19 IST" duration-ms="22894">
      <class name="com.CoverFox.testCase.insuranceSelect">
        <test-method is-config="true" signature="launchBrowser()[pri:0, instance:com.CoverFox.testCase.insuranceSelect@451001e5]" started-at="2024-08-21T12:09:56 IST" name="launchBrowser" finished-at="2024-08-21T12:10:07 IST" duration-ms="10414" status="PASS">
          <reporter-output>
          </reporter-output>
        </test-method> <!-- launchBrowser -->
        <test-method signature="insuranceTest()[pri:0, instance:com.CoverFox.testCase.insuranceSelect@451001e5]" started-at="2024-08-21T12:10:07 IST" name="insuranceTest" finished-at="2024-08-21T12:10:13 IST" duration-ms="6688" status="PASS">
          <reporter-output>
            <line>
              <![CDATA[Test Cases is started Executing!]]>
            </line>
            <line>
              <![CDATA[Test Case is Passed!]]>
            </line>
          </reporter-output>
        </test-method> <!-- insuranceTest -->
        <test-method is-config="true" signature="closeBrowser()[pri:0, instance:com.CoverFox.testCase.insuranceSelect@451001e5]" started-at="2024-08-21T12:10:13 IST" name="closeBrowser" finished-at="2024-08-21T12:10:19 IST" duration-ms="5724" status="PASS">
          <reporter-output>
          </reporter-output>
        </test-method> <!-- closeBrowser -->
      </class> <!-- com.CoverFox.testCase.insuranceSelect -->
    </test> <!-- Default test -->
  </suite> <!-- Default suite -->
</testng-results>
